<?xml version="1.0" encoding="UTF-8"?>
<testng-results skipped="0" failed="1" ignored="0" total="5" passed="4">
  <reporter-output>
  </reporter-output>
  <suite name="Default suite" duration-ms="57826" started-at="2021-05-31T19:56:33 IST" finished-at="2021-05-31T19:57:31 IST">
    <groups>
    </groups>
    <test name="Default test" duration-ms="57826" started-at="2021-05-31T19:56:33 IST" finished-at="2021-05-31T19:57:31 IST">
      <class name="com.apollo.qa.testcases.HomePageTest">
        <test-method status="PASS" signature="setUp()[pri:0, instance:com.apollo.qa.testcases.HomePageTest@4232c52b]" name="setUp" is-config="true" duration-ms="7288" started-at="2021-05-31T19:56:33 IST" finished-at="2021-05-31T19:56:40 IST">
          <reporter-output>
          </reporter-output>
        </test-method> <!-- setUp -->
        <test-method status="PASS" signature="verifyHomePageTitleTest()[pri:1, instance:com.apollo.qa.testcases.HomePageTest@4232c52b]" name="verifyHomePageTitleTest" duration-ms="45" started-at="2021-05-31T19:56:40 IST" finished-at="2021-05-31T19:56:40 IST">
          <reporter-output>
          </reporter-output>
        </test-method> <!-- verifyHomePageTitleTest -->
        <test-method status="PASS" signature="setUp()[pri:0, instance:com.apollo.qa.testcases.HomePageTest@4232c52b]" name="setUp" is-config="true" duration-ms="6244" started-at="2021-05-31T19:56:41 IST" finished-at="2021-05-31T19:56:47 IST">
          <reporter-output>
          </reporter-output>
        </test-method> <!-- setUp -->
        <test-method status="FAIL" signature="validateApolloLogoHomeTest()[pri:2, instance:com.apollo.qa.testcases.HomePageTest@4232c52b]" name="validateApolloLogoHomeTest" duration-ms="20080" started-at="2021-05-31T19:56:47 IST" finished-at="2021-05-31T19:57:07 IST">
          <exception class="org.openqa.selenium.NoSuchElementException">
            <message>
              <![CDATA[no such element: Unable to locate element: {"method":"xpath","selector":"//*[@id="main-wrapper"]/app-root/app-header/header/nav/div[1]/a[1]/span/img[2]"}
  (Session info: chrome=90.0.4430.212)
For documentation on this error, please visit: https://www.seleniumhq.org/exceptions/no_such_element.html
Build info: version: '3.141.59', revision: 'e82be7d358', time: '2018-11-14T08:17:03'
System info: host: 'DESKTOP-C6M0AOU', ip: '192.168.43.28', os.name: 'Windows 10', os.arch: 'amd64', os.version: '10.0', java.version: '1.8.0_251'
Driver info: org.openqa.selenium.chrome.ChromeDriver
Capabilities {acceptInsecureCerts: false, browserName: chrome, browserVersion: 90.0.4430.212, chrome: {chromedriverVersion: 90.0.4430.24 (4c6d850f087da..., userDataDir: C:\Users\Admin\AppData\Loca...}, goog:chromeOptions: {debuggerAddress: localhost:57978}, javascriptEnabled: true, networkConnectionEnabled: false, pageLoadStrategy: normal, platform: WINDOWS, platformName: WINDOWS, proxy: Proxy(), setWindowRect: true, strictFileInteractability: false, timeouts: {implicit: 0, pageLoad: 300000, script: 30000}, unhandledPromptBehavior: dismiss and notify, webauthn:extension:largeBlob: true, webauthn:virtualAuthenticators: true}
Session ID: a3f289b2f000c473e026d67aeb83cc21
*** Element info: {Using=xpath, value=//*[@id="main-wrapper"]/app-root/app-header/header/nav/div[1]/a[1]/span/img[2]}]]>
            </message>
            <full-stacktrace>
              <![CDATA[org.openqa.selenium.NoSuchElementException: no such element: Unable to locate element: {"method":"xpath","selector":"//*[@id="main-wrapper"]/app-root/app-header/header/nav/div[1]/a[1]/span/img[2]"}
  (Session info: chrome=90.0.4430.212)
For documentation on this error, please visit: https://www.seleniumhq.org/exceptions/no_such_element.html
Build info: version: '3.141.59', revision: 'e82be7d358', time: '2018-11-14T08:17:03'
System info: host: 'DESKTOP-C6M0AOU', ip: '192.168.43.28', os.name: 'Windows 10', os.arch: 'amd64', os.version: '10.0', java.version: '1.8.0_251'
Driver info: org.openqa.selenium.chrome.ChromeDriver
Capabilities {acceptInsecureCerts: false, browserName: chrome, browserVersion: 90.0.4430.212, chrome: {chromedriverVersion: 90.0.4430.24 (4c6d850f087da..., userDataDir: C:\Users\Admin\AppData\Loca...}, goog:chromeOptions: {debuggerAddress: localhost:57978}, javascriptEnabled: true, networkConnectionEnabled: false, pageLoadStrategy: normal, platform: WINDOWS, platformName: WINDOWS, proxy: Proxy(), setWindowRect: true, strictFileInteractability: false, timeouts: {implicit: 0, pageLoad: 300000, script: 30000}, unhandledPromptBehavior: dismiss and notify, webauthn:extension:largeBlob: true, webauthn:virtualAuthenticators: true}
Session ID: a3f289b2f000c473e026d67aeb83cc21
*** Element info: {Using=xpath, value=//*[@id="main-wrapper"]/app-root/app-header/header/nav/div[1]/a[1]/span/img[2]}
at sun.reflect.NativeConstructorAccessorImpl.newInstance0(Native Method)
at sun.reflect.NativeConstructorAccessorImpl.newInstance(NativeConstructorAccessorImpl.java:62)
at sun.reflect.DelegatingConstructorAccessorImpl.newInstance(DelegatingConstructorAccessorImpl.java:45)
at java.lang.reflect.Constructor.newInstance(Constructor.java:423)
at org.openqa.selenium.remote.http.W3CHttpResponseCodec.createException(W3CHttpResponseCodec.java:187)
at org.openqa.selenium.remote.http.W3CHttpResponseCodec.decode(W3CHttpResponseCodec.java:122)
at org.openqa.selenium.remote.http.W3CHttpResponseCodec.decode(W3CHttpResponseCodec.java:49)
at org.openqa.selenium.remote.HttpCommandExecutor.execute(HttpCommandExecutor.java:158)
at org.openqa.selenium.remote.service.DriverCommandExecutor.execute(DriverCommandExecutor.java:83)
at org.openqa.selenium.remote.RemoteWebDriver.execute(RemoteWebDriver.java:552)
at org.openqa.selenium.remote.RemoteWebDriver.findElement(RemoteWebDriver.java:323)
at org.openqa.selenium.remote.RemoteWebDriver.findElementByXPath(RemoteWebDriver.java:428)
at org.openqa.selenium.By$ByXPath.findElement(By.java:353)
at org.openqa.selenium.remote.RemoteWebDriver.findElement(RemoteWebDriver.java:315)
at org.openqa.selenium.support.pagefactory.DefaultElementLocator.findElement(DefaultElementLocator.java:69)
at org.openqa.selenium.support.pagefactory.internal.LocatingElementHandler.invoke(LocatingElementHandler.java:38)
at com.sun.proxy.$Proxy8.isDisplayed(Unknown Source)
at com.apollo.qa.pages.HomePage.validateApolloLogoHome(HomePage.java:39)
at com.apollo.qa.testcases.HomePageTest.validateApolloLogoHomeTest(HomePageTest.java:39)
at sun.reflect.NativeMethodAccessorImpl.invoke0(Native Method)
at sun.reflect.NativeMethodAccessorImpl.invoke(NativeMethodAccessorImpl.java:62)
at sun.reflect.DelegatingMethodAccessorImpl.invoke(DelegatingMethodAccessorImpl.java:43)
at java.lang.reflect.Method.invoke(Method.java:498)
at org.testng.internal.MethodInvocationHelper.invokeMethod(MethodInvocationHelper.java:133)
at org.testng.internal.TestInvoker.invokeMethod(TestInvoker.java:598)
at org.testng.internal.TestInvoker.invokeTestMethod(TestInvoker.java:173)
at org.testng.internal.MethodRunner.runInSequence(MethodRunner.java:46)
at org.testng.internal.TestInvoker$MethodInvocationAgent.invoke(TestInvoker.java:824)
at org.testng.internal.TestInvoker.invokeTestMethods(TestInvoker.java:146)
at org.testng.internal.TestMethodWorker.invokeTestMethods(TestMethodWorker.java:146)
at org.testng.internal.TestMethodWorker.run(TestMethodWorker.java:128)
at java.util.ArrayList.forEach(ArrayList.java:1257)
at org.testng.TestRunner.privateRun(TestRunner.java:794)
at org.testng.TestRunner.run(TestRunner.java:596)
at org.testng.SuiteRunner.runTest(SuiteRunner.java:377)
at org.testng.SuiteRunner.runSequentially(SuiteRunner.java:371)
at org.testng.SuiteRunner.privateRun(SuiteRunner.java:332)
at org.testng.SuiteRunner.run(SuiteRunner.java:276)
at org.testng.SuiteRunnerWorker.runSuite(SuiteRunnerWorker.java:53)
at org.testng.SuiteRunnerWorker.run(SuiteRunnerWorker.java:96)
at org.testng.TestNG.runSuitesSequentially(TestNG.java:1212)
at org.testng.TestNG.runSuitesLocally(TestNG.java:1134)
at org.testng.TestNG.runSuites(TestNG.java:1063)
at org.testng.TestNG.run(TestNG.java:1031)
at org.testng.remote.AbstractRemoteTestNG.run(AbstractRemoteTestNG.java:115)
at org.testng.remote.RemoteTestNG.initAndRun(RemoteTestNG.java:251)
at org.testng.remote.RemoteTestNG.main(RemoteTestNG.java:77)
]]>
            </full-stacktrace>
          </exception> <!-- org.openqa.selenium.NoSuchElementException -->
          <reporter-output>
          </reporter-output>
        </test-method> <!-- validateApolloLogoHomeTest -->
        <test-method status="PASS" signature="setUp()[pri:0, instance:com.apollo.qa.testcases.HomePageTest@4232c52b]" name="setUp" is-config="true" duration-ms="6602" started-at="2021-05-31T19:57:07 IST" finished-at="2021-05-31T19:57:13 IST">
          <reporter-output>
          </reporter-output>
        </test-method> <!-- setUp -->
        <test-method status="PASS" signature="validateDashboardLabelTest()[pri:3, instance:com.apollo.qa.testcases.HomePageTest@4232c52b]" name="validateDashboardLabelTest" duration-ms="507" started-at="2021-05-31T19:57:13 IST" finished-at="2021-05-31T19:57:14 IST">
          <reporter-output>
          </reporter-output>
        </test-method> <!-- validateDashboardLabelTest -->
        <test-method status="PASS" signature="setUp()[pri:0, instance:com.apollo.qa.testcases.HomePageTest@4232c52b]" name="setUp" is-config="true" duration-ms="9880" started-at="2021-05-31T19:57:14 IST" finished-at="2021-05-31T19:57:24 IST">
          <reporter-output>
          </reporter-output>
        </test-method> <!-- setUp -->
        <test-method status="PASS" signature="validateConfigurationsLabelTest()[pri:4, instance:com.apollo.qa.testcases.HomePageTest@4232c52b]" name="validateConfigurationsLabelTest" duration-ms="509" started-at="2021-05-31T19:57:24 IST" finished-at="2021-05-31T19:57:24 IST">
          <reporter-output>
          </reporter-output>
        </test-method> <!-- validateConfigurationsLabelTest -->
        <test-method status="PASS" signature="setUp()[pri:0, instance:com.apollo.qa.testcases.HomePageTest@4232c52b]" name="setUp" is-config="true" duration-ms="5378" started-at="2021-05-31T19:57:24 IST" finished-at="2021-05-31T19:57:30 IST">
          <reporter-output>
          </reporter-output>
        </test-method> <!-- setUp -->
        <test-method status="PASS" signature="clickOnSDFSettingsTest()[pri:5, instance:com.apollo.qa.testcases.HomePageTest@4232c52b]" name="clickOnSDFSettingsTest" duration-ms="1185" started-at="2021-05-31T19:57:30 IST" finished-at="2021-05-31T19:57:31 IST">
          <reporter-output>
          </reporter-output>
        </test-method> <!-- clickOnSDFSettingsTest -->
      </class> <!-- com.apollo.qa.testcases.HomePageTest -->
    </test> <!-- Default test -->
  </suite> <!-- Default suite -->
</testng-results>
